[2025-03-27T10:24:24.368Z] Usuário jeffo saiu do jogo
[2025-03-27T10:24:56.995Z] Usuário jeffo saiu do jogo
[2025-03-27T10:25:46.700Z] Usuário jeffo saiu do jogo
[2025-03-27T10:25:52.701Z] Usuário jeffo fez login
[2025-03-27T10:53:51.029Z] Usuário jeffo saiu do jogo
[2025-03-27T11:03:02.600Z] Usuário jeffo saiu do jogo
[2025-03-27T11:05:09.868Z] Usuário admin saiu do jogo
[2025-03-27T11:07:14.454Z] Usuário jeffo fez login
[2025-03-27T11:07:44.829Z] Usuário jeffo saiu do jogo
[2025-03-27T11:07:51.662Z] Usuário admin saiu do jogo
[2025-03-27T11:17:45.248Z] Conexão com o banco de dados estabelecida
[2025-03-27T11:17:45.277Z] Servidor iniciado
[2025-03-27T11:18:04.953Z] Usuário jeffo fez login
[2025-03-27T11:19:24.257Z] Usuário jeffo saiu do jogo
[2025-03-27T11:20:05.915Z] Usuário admin fez login
[2025-03-27T11:20:16.483Z] Usuário admin saiu do jogo
[2025-03-27T11:27:50.170Z] Conexão com o banco de dados estabelecida
[2025-03-27T11:27:50.182Z] Servidor iniciado
[2025-03-27T11:28:32.993Z] Usuário admin fez login
[2025-03-27T11:28:46.333Z] Usuário jeffo saiu do jogo
[2025-03-27T11:29:15.880Z] Usuário admin saiu do jogo
[2025-03-27T11:29:41.728Z] Usuário jeffo fez login
[2025-03-27T11:30:03.707Z] Usuário admin fez login
[2025-03-27T11:38:35.743Z] Usuário jeffo saiu do jogo
[2025-03-27T11:38:48.383Z] Usuário admin saiu do jogo
[2025-03-27T11:39:01.000Z] Usuário jeffo saiu do jogo
[2025-03-27T11:39:12.548Z] Usuário admin saiu do jogo
[2025-03-27T11:47:51.586Z] Usuário jeffo fez login
[2025-03-27T11:48:23.114Z] Usuário jeffo saiu do jogo
[2025-03-27T11:49:06.590Z] Usuário admin fez login
[2025-03-27T11:49:35.350Z] Usuário admin saiu do jogo
[2025-03-27T11:49:53.632Z] Usuário jeffo saiu do jogo
[2025-03-27T11:50:02.990Z] Usuário admin saiu do jogo
[2025-03-27T11:50:12.206Z] Usuário jeffo saiu do jogo
[2025-03-27T11:50:38.164Z] Usuário admin saiu do jogo
[2025-03-27T11:50:48.620Z] Administrador admin baniu o usuário jogador_teste22
[2025-03-27T11:51:03.500Z] Administrador admin desbaniu o usuário jogador_teste22
[2025-03-27T11:51:29.123Z] Usuário admin saiu do jogo
[2025-03-27T11:51:37.035Z] Usuário jeffo saiu do jogo
[2025-03-27T11:54:05.872Z] Usuário jeffo fez login
[2025-03-27T11:57:43.870Z] Usuário jeffo saiu do jogo
[2025-03-27T12:01:24.053Z] Usuário jeffo fez login
[2025-03-27T12:02:00.831Z] Novo usuário registrado: jeffo10
[2025-03-27T12:02:20.883Z] Usuário jeffo10 fez login
[2025-03-27T12:10:04.190Z] Usuário jeffo10 fez login
[2025-03-27T12:10:21.044Z] Usuário jeffo10 fez login
[2025-03-27T12:10:30.156Z] Usuário jeffo10 fez login
[2025-03-27T12:12:39.249Z] Usuário jeffo10 fez login
[2025-03-27T12:14:12.631Z] Usuário jeffo10 fez login
[2025-03-27T12:22:41.963Z] Conexão com o banco de dados estabelecida
[2025-03-27T12:22:41.977Z] Servidor iniciado
[2025-03-27T12:22:57.902Z] Usuário jeffo saiu do jogo
[2025-03-27T12:23:01.818Z] Usuário jeffo saiu do jogo
[2025-03-27T12:34:03.723Z] Usuário jeffo10 fez login
[2025-03-27T12:35:21.601Z] Usuário jeffo10 fez login
[2025-03-27T12:35:35.681Z] Usuário jeffo10 fez login
[2025-03-27T12:40:38.451Z] Usuário jeffo10 fez login
[2025-03-27T12:41:15.586Z] Usuário jeffo fez login
[2025-03-27T12:41:34.104Z] Usuário jeffo saiu do jogo
[2025-03-27T12:43:59.357Z] Usuário jeffo10 fez login
[2025-03-27T12:44:09.708Z] Usuário jeffo10 fez login
[2025-03-27T12:45:18.947Z] Usuário jeffo10 fez login
[2025-03-27T12:45:26.630Z] Usuário jeffo10 fez login
[2025-03-27T12:46:31.250Z] Usuário jeffo10 fez login
[2025-03-27T12:46:38.482Z] Usuário jeffo10 fez login
[2025-03-27T12:46:50.137Z] Usuário jeffo10 fez login
[2025-03-27T12:47:43.413Z] Usuário jeffo10 fez login
[2025-03-27T12:47:50.809Z] Usuário jeffo10 fez login
[2025-03-27T12:50:05.057Z] Usuário jeffo10 fez login
[2025-03-27T12:51:42.976Z] Usuário jeffo10 fez login
[2025-03-27T13:01:37.326Z] Usuário jeffo10 fez login
[2025-03-27T13:02:09.857Z] Usuário jeffo10 fez login
[2025-03-27T13:21:16.203Z] Usuário admin fez login
[2025-03-27T13:21:36.293Z] Usuário admin saiu do jogo
[2025-03-27T13:21:36.536Z] Usuário admin alterou sua senha
[2025-03-27T13:28:24.940Z] Usuário jeffo10 fez login
[2025-03-27T13:34:49.398Z] Usuário jeffo10 fez login
[2025-03-27T13:34:55.564Z] Usuário jeffo10 fez login
[2025-03-27T13:36:56.579Z] Usuário admin saiu do jogo
[2025-03-27T13:37:03.433Z] Usuário admin saiu do jogo
[2025-03-27T13:37:04.961Z] Usuário admin saiu do jogo
[2025-03-27T13:37:26.913Z] Usuário admin saiu do jogo
[2025-03-27T13:37:31.296Z] Usuário admin saiu do jogo
[2025-03-27T13:39:21.559Z] Usuário jeffo10 fez login
[2025-03-27T13:39:46.572Z] Usuário admin saiu do jogo
[2025-03-27T13:39:55.585Z] Usuário jeffo10 fez login
[2025-03-27T13:41:11.243Z] Usuário jeffo10 fez login
[2025-03-27T13:41:58.191Z] Usuário jeffo10 saiu do jogo
[2025-03-27T14:10:39.089Z] Usuário jeffo10 fez login
[2025-03-27T14:10:46.781Z] Usuário jeffo10 fez login
[2025-03-27T14:32:17.453Z] Usuário jeffo10 fez login
[2025-03-27T14:32:25.265Z] Usuário jeffo10 fez login
[2025-03-27T14:36:47.492Z] Usuário jeffo10 fez login
[2025-03-27T14:37:23.963Z] Usuário jeffo10 fez login
[2025-03-27T14:37:58.975Z] Usuário jeffo10 fez login
[2025-03-27T15:00:01.143Z] Usuário jeffo10 fez login
[2025-03-27T15:06:50.635Z] Usuário jeffo10 fez login
[2025-03-27T15:07:49.660Z] Usuário jeffo10 fez login
[2025-03-27T15:19:09.681Z] Usuário jeffo10 fez login
[2025-03-27T15:21:15.674Z] Usuário jeffo10 fez login
[2025-03-27T15:39:29.933Z] Usuário jeffo fez login
[2025-03-27T15:39:33.117Z] Usuário jeffo saiu do jogo
[2025-03-27T15:48:03.563Z] Usuário jeffo10 fez login
[2025-03-27T15:50:40.350Z] Usuário jeffo10 fez login
[2025-03-27T15:54:18.636Z] Usuário jeffo10 fez login
[2025-03-27T15:56:19.389Z] Usuário jeffo10 fez login
[2025-03-27T15:57:29.108Z] Usuário jeffo10 fez login
[2025-03-27T15:58:00.758Z] Usuário jeffo10 fez login
[2025-03-27T15:59:19.089Z] Usuário jeffo10 fez login
[2025-03-27T16:02:15.339Z] Usuário jeffo10 fez login
[2025-03-27T16:06:34.681Z] Usuário jeffo10 fez login
[2025-03-27T16:10:31.951Z] Usuário jeffo10 fez login
[2025-03-27T16:12:16.731Z] Usuário jeffo10 fez login
[2025-03-27T16:15:16.887Z] Usuário jeffo10 fez login
[2025-03-27T16:17:18.733Z] Usuário jeffo10 fez login
[2025-03-27T16:19:30.524Z] Usuário jeffo10 fez login
[2025-03-27T16:33:39.276Z] Usuário jeffo10 fez login
[2025-03-27T16:33:59.768Z] Usuário jeffo10 fez login
[2025-03-27T16:41:15.636Z] Usuário jeffo10 fez login
[2025-03-27T16:41:35.654Z] Usuário jeffo10 fez login
[2025-03-27T16:42:38.934Z] Usuário jeffo10 fez login
[2025-03-27T16:46:48.386Z] Usuário jeffo fez login
[2025-03-27T17:07:00.389Z] Usuário jeffo fez login
[2025-03-27T17:13:49.581Z] Usuário jeffo fez login
[2025-03-27T17:46:56.525Z] Usuário jeffo fez login
[2025-03-27T17:47:11.475Z] Usuário jeffo fez login
[2025-03-27T17:57:25.828Z] Novo usuário registrado: jeffu
[2025-03-27T17:57:53.521Z] Usuário jeffu fez login
[2025-03-27T17:58:26.750Z] Novo usuário registrado: jogador_teste2222
[2025-03-27T17:58:44.659Z] Novo usuário registrado: jog
[2025-03-27T17:58:57.294Z] Novo usuário registrado: jogg
[2025-03-27T18:00:37.250Z] Usuário jeffu saiu do jogo
[2025-03-27T18:00:53.459Z] Usuário jogg fez login
[2025-03-27T18:08:14.845Z] Novo usuário registrado: api_tester_1743098894716
[2025-03-27T18:08:15.944Z] Usuário api_tester_1743098894716 fez login
[2025-03-27T18:09:19.386Z] Novo usuário registrado: joggg
[2025-03-27T18:12:22.767Z] Usuário jogg saiu do jogo
[2025-03-27T18:12:41.599Z] Usuário jogg saiu do jogo
[2025-03-27T18:12:41.780Z] Usuário jogg alterou sua senha
[2025-03-27T18:17:50.350Z] Conexão com o banco de dados estabelecida
[2025-03-27T18:17:50.370Z] Erro crítico: listen EADDRINUSE: address already in use :::34567
[2025-03-27T18:18:09.993Z] Conexão com o banco de dados estabelecida
[2025-03-27T18:18:10.006Z] Servidor iniciado
[2025-03-27T18:20:58.459Z] Conexão com o banco de dados estabelecida
[2025-03-27T18:20:58.473Z] Servidor iniciado
[2025-03-27T18:21:58.618Z] Novo usuário registrado: jokg
[2025-03-27T18:22:50.916Z] Usuário jogg saiu do jogo
[2025-03-27T18:22:57.780Z] Usuário jeffo fez login
[2025-03-27T18:22:59.768Z] Usuário jeffo saiu do jogo
[2025-03-27T18:26:01.169Z] Usuário jeffo saiu do jogo
